01-Mar-2021 17:51:04.042 INFO [main] org.apache.catalina.core.ApplicationContext.log Marking servlet [CFMLServlet] as unavailable
01-Mar-2021 17:51:04.042 SEVERE [main] org.apache.catalina.core.StandardContext.loadOnStartup Servlet [CFMLServlet] in web application [] threw load() exception
	java.lang.ClassNotFoundException: javax.servlet.http.HttpServlet
		at java.base/java.net.URLClassLoader.findClass(URLClassLoader.java:435)
		at java.base/java.lang.ClassLoader.loadClass(ClassLoader.java:589)
		at java.base/java.lang.ClassLoader.loadClass(ClassLoader.java:522)
		at java.base/java.lang.ClassLoader.defineClass1(Native Method)
		at java.base/java.lang.ClassLoader.defineClass(ClassLoader.java:1017)
		at java.base/java.security.SecureClassLoader.defineClass(SecureClassLoader.java:151)
		at java.base/java.net.URLClassLoader.defineClass(URLClassLoader.java:514)
		at java.base/java.net.URLClassLoader$1.run(URLClassLoader.java:422)
		at java.base/java.net.URLClassLoader$1.run(URLClassLoader.java:416)
		at java.base/java.security.AccessController.doPrivileged(AccessController.java:691)
		at java.base/java.net.URLClassLoader.findClass(URLClassLoader.java:415)
		at java.base/java.lang.ClassLoader.loadClass(ClassLoader.java:589)
		at java.base/java.lang.ClassLoader.loadClass(ClassLoader.java:522)
		at java.base/java.lang.ClassLoader.defineClass1(Native Method)
		at java.base/java.lang.ClassLoader.defineClass(ClassLoader.java:1017)
		at java.base/java.security.SecureClassLoader.defineClass(SecureClassLoader.java:151)
		at java.base/java.net.URLClassLoader.defineClass(URLClassLoader.java:514)
		at java.base/java.net.URLClassLoader$1.run(URLClassLoader.java:422)
		at java.base/java.net.URLClassLoader$1.run(URLClassLoader.java:416)
		at java.base/java.security.AccessController.doPrivileged(AccessController.java:691)
		at java.base/java.net.URLClassLoader.findClass(URLClassLoader.java:415)
		at java.base/java.lang.ClassLoader.loadClass(ClassLoader.java:589)
		at java.base/java.lang.ClassLoader.loadClass(ClassLoader.java:522)
		at java.base/java.lang.Class.forName0(Native Method)
		at java.base/java.lang.Class.forName(Class.java:427)
		at org.apache.catalina.loader.WebappClassLoaderBase.loadClass(WebappClassLoaderBase.java:1350)
		at org.apache.catalina.loader.WebappClassLoaderBase.loadClass(WebappClassLoaderBase.java:1187)
		at org.apache.catalina.core.DefaultInstanceManager.loadClass(DefaultInstanceManager.java:540)
		at org.apache.catalina.core.DefaultInstanceManager.loadClassMaybePrivileged(DefaultInstanceManager.java:521)
		at org.apache.catalina.core.DefaultInstanceManager.newInstance(DefaultInstanceManager.java:151)
		at org.apache.catalina.core.StandardWrapper.loadServlet(StandardWrapper.java:1043)
		at org.apache.catalina.core.StandardWrapper.load(StandardWrapper.java:984)
		at org.apache.catalina.core.StandardContext.loadOnStartup(StandardContext.java:4851)
		at org.apache.catalina.core.StandardContext.startInternal(StandardContext.java:5160)
		at org.apache.catalina.util.LifecycleBase.start(LifecycleBase.java:183)
		at org.apache.catalina.core.ContainerBase.addChildInternal(ContainerBase.java:717)
		at org.apache.catalina.core.ContainerBase.addChild(ContainerBase.java:690)
		at org.apache.catalina.core.StandardHost.addChild(StandardHost.java:706)
		at org.apache.catalina.startup.HostConfig.deployDirectory(HostConfig.java:1093)
		at org.apache.catalina.startup.HostConfig$DeployDirectory.run(HostConfig.java:1810)
		at java.base/java.util.concurrent.Executors$RunnableAdapter.call(Executors.java:515)
		at java.base/java.util.concurrent.FutureTask.run(FutureTask.java:264)
		at org.apache.tomcat.util.threads.InlineExecutorService.execute(InlineExecutorService.java:75)
		at java.base/java.util.concurrent.AbstractExecutorService.submit(AbstractExecutorService.java:118)
		at org.apache.catalina.startup.HostConfig.deployDirectories(HostConfig.java:1013)
		at org.apache.catalina.startup.HostConfig.deployApps(HostConfig.java:428)
		at org.apache.catalina.startup.HostConfig.start(HostConfig.java:1520)
		at org.apache.catalina.startup.HostConfig.lifecycleEvent(HostConfig.java:309)
		at org.apache.catalina.util.LifecycleBase.fireLifecycleEvent(LifecycleBase.java:123)
		at org.apache.catalina.util.LifecycleBase.setStateInternal(LifecycleBase.java:423)
		at org.apache.catalina.util.LifecycleBase.setState(LifecycleBase.java:366)
		at org.apache.catalina.core.ContainerBase.startInternal(ContainerBase.java:936)
		at org.apache.catalina.core.StandardHost.startInternal(StandardHost.java:843)
		at org.apache.catalina.util.LifecycleBase.start(LifecycleBase.java:183)
		at org.apache.catalina.core.ContainerBase$StartChild.call(ContainerBase.java:1384)
		at org.apache.catalina.core.ContainerBase$StartChild.call(ContainerBase.java:1374)
		at java.base/java.util.concurrent.FutureTask.run(FutureTask.java:264)
		at org.apache.tomcat.util.threads.InlineExecutorService.execute(InlineExecutorService.java:75)
		at java.base/java.util.concurrent.AbstractExecutorService.submit(AbstractExecutorService.java:140)
		at org.apache.catalina.core.ContainerBase.startInternal(ContainerBase.java:909)
		at org.apache.catalina.core.StandardEngine.startInternal(StandardEngine.java:262)
		at org.apache.catalina.util.LifecycleBase.start(LifecycleBase.java:183)
		at org.apache.catalina.core.StandardService.startInternal(StandardService.java:434)
		at org.apache.catalina.util.LifecycleBase.start(LifecycleBase.java:183)
		at org.apache.catalina.core.StandardServer.startInternal(StandardServer.java:930)
		at org.apache.catalina.util.LifecycleBase.start(LifecycleBase.java:183)
		at org.apache.catalina.startup.Catalina.start(Catalina.java:795)
		at java.base/jdk.internal.reflect.NativeMethodAccessorImpl.invoke0(Native Method)
		at java.base/jdk.internal.reflect.NativeMethodAccessorImpl.invoke(NativeMethodAccessorImpl.java:62)
		at java.base/jdk.internal.reflect.DelegatingMethodAccessorImpl.invoke(DelegatingMethodAccessorImpl.java:43)
		at java.base/java.lang.reflect.Method.invoke(Method.java:564)
		at org.apache.catalina.startup.Bootstrap.start(Bootstrap.java:342)
		at org.apache.catalina.startup.Bootstrap.main(Bootstrap.java:473)
01-Mar-2021 17:51:04.045 INFO [main] org.apache.catalina.core.ApplicationContext.log Marking servlet [RESTServlet] as unavailable
01-Mar-2021 17:51:04.045 SEVERE [main] org.apache.catalina.core.StandardContext.loadOnStartup Servlet [RESTServlet] in web application [] threw load() exception
	java.lang.ClassNotFoundException: javax.servlet.http.HttpServlet
		at java.base/java.net.URLClassLoader.findClass(URLClassLoader.java:435)
		at java.base/java.lang.ClassLoader.loadClass(ClassLoader.java:589)
		at java.base/java.lang.ClassLoader.loadClass(ClassLoader.java:522)
		at java.base/java.lang.ClassLoader.defineClass1(Native Method)
		at java.base/java.lang.ClassLoader.defineClass(ClassLoader.java:1017)
		at java.base/java.security.SecureClassLoader.defineClass(SecureClassLoader.java:151)
		at java.base/java.net.URLClassLoader.defineClass(URLClassLoader.java:514)
		at java.base/java.net.URLClassLoader$1.run(URLClassLoader.java:422)
		at java.base/java.net.URLClassLoader$1.run(URLClassLoader.java:416)
		at java.base/java.security.AccessController.doPrivileged(AccessController.java:691)
		at java.base/java.net.URLClassLoader.findClass(URLClassLoader.java:415)
		at java.base/java.lang.ClassLoader.loadClass(ClassLoader.java:589)
		at java.base/java.lang.ClassLoader.loadClass(ClassLoader.java:522)
		at java.base/java.lang.ClassLoader.defineClass1(Native Method)
		at java.base/java.lang.ClassLoader.defineClass(ClassLoader.java:1017)
		at java.base/java.security.SecureClassLoader.defineClass(SecureClassLoader.java:151)
		at java.base/java.net.URLClassLoader.defineClass(URLClassLoader.java:514)
		at java.base/java.net.URLClassLoader$1.run(URLClassLoader.java:422)
		at java.base/java.net.URLClassLoader$1.run(URLClassLoader.java:416)
		at java.base/java.security.AccessController.doPrivileged(AccessController.java:691)
		at java.base/java.net.URLClassLoader.findClass(URLClassLoader.java:415)
		at java.base/java.lang.ClassLoader.loadClass(ClassLoader.java:589)
		at java.base/java.lang.ClassLoader.loadClass(ClassLoader.java:522)
		at java.base/java.lang.Class.forName0(Native Method)
		at java.base/java.lang.Class.forName(Class.java:427)
		at org.apache.catalina.loader.WebappClassLoaderBase.loadClass(WebappClassLoaderBase.java:1350)
		at org.apache.catalina.loader.WebappClassLoaderBase.loadClass(WebappClassLoaderBase.java:1187)
		at org.apache.catalina.core.DefaultInstanceManager.loadClass(DefaultInstanceManager.java:540)
		at org.apache.catalina.core.DefaultInstanceManager.loadClassMaybePrivileged(DefaultInstanceManager.java:521)
		at org.apache.catalina.core.DefaultInstanceManager.newInstance(DefaultInstanceManager.java:151)
		at org.apache.catalina.core.StandardWrapper.loadServlet(StandardWrapper.java:1043)
		at org.apache.catalina.core.StandardWrapper.load(StandardWrapper.java:984)
		at org.apache.catalina.core.StandardContext.loadOnStartup(StandardContext.java:4851)
		at org.apache.catalina.core.StandardContext.startInternal(StandardContext.java:5160)
		at org.apache.catalina.util.LifecycleBase.start(LifecycleBase.java:183)
		at org.apache.catalina.core.ContainerBase.addChildInternal(ContainerBase.java:717)
		at org.apache.catalina.core.ContainerBase.addChild(ContainerBase.java:690)
		at org.apache.catalina.core.StandardHost.addChild(StandardHost.java:706)
		at org.apache.catalina.startup.HostConfig.deployDirectory(HostConfig.java:1093)
		at org.apache.catalina.startup.HostConfig$DeployDirectory.run(HostConfig.java:1810)
		at java.base/java.util.concurrent.Executors$RunnableAdapter.call(Executors.java:515)
		at java.base/java.util.concurrent.FutureTask.run(FutureTask.java:264)
		at org.apache.tomcat.util.threads.InlineExecutorService.execute(InlineExecutorService.java:75)
		at java.base/java.util.concurrent.AbstractExecutorService.submit(AbstractExecutorService.java:118)
		at org.apache.catalina.startup.HostConfig.deployDirectories(HostConfig.java:1013)
		at org.apache.catalina.startup.HostConfig.deployApps(HostConfig.java:428)
		at org.apache.catalina.startup.HostConfig.start(HostConfig.java:1520)
		at org.apache.catalina.startup.HostConfig.lifecycleEvent(HostConfig.java:309)
		at org.apache.catalina.util.LifecycleBase.fireLifecycleEvent(LifecycleBase.java:123)
		at org.apache.catalina.util.LifecycleBase.setStateInternal(LifecycleBase.java:423)
		at org.apache.catalina.util.LifecycleBase.setState(LifecycleBase.java:366)
		at org.apache.catalina.core.ContainerBase.startInternal(ContainerBase.java:936)
		at org.apache.catalina.core.StandardHost.startInternal(StandardHost.java:843)
		at org.apache.catalina.util.LifecycleBase.start(LifecycleBase.java:183)
		at org.apache.catalina.core.ContainerBase$StartChild.call(ContainerBase.java:1384)
		at org.apache.catalina.core.ContainerBase$StartChild.call(ContainerBase.java:1374)
		at java.base/java.util.concurrent.FutureTask.run(FutureTask.java:264)
		at org.apache.tomcat.util.threads.InlineExecutorService.execute(InlineExecutorService.java:75)
		at java.base/java.util.concurrent.AbstractExecutorService.submit(AbstractExecutorService.java:140)
		at org.apache.catalina.core.ContainerBase.startInternal(ContainerBase.java:909)
		at org.apache.catalina.core.StandardEngine.startInternal(StandardEngine.java:262)
		at org.apache.catalina.util.LifecycleBase.start(LifecycleBase.java:183)
		at org.apache.catalina.core.StandardService.startInternal(StandardService.java:434)
		at org.apache.catalina.util.LifecycleBase.start(LifecycleBase.java:183)
		at org.apache.catalina.core.StandardServer.startInternal(StandardServer.java:930)
		at org.apache.catalina.util.LifecycleBase.start(LifecycleBase.java:183)
		at org.apache.catalina.startup.Catalina.start(Catalina.java:795)
		at java.base/jdk.internal.reflect.NativeMethodAccessorImpl.invoke0(Native Method)
		at java.base/jdk.internal.reflect.NativeMethodAccessorImpl.invoke(NativeMethodAccessorImpl.java:62)
		at java.base/jdk.internal.reflect.DelegatingMethodAccessorImpl.invoke(DelegatingMethodAccessorImpl.java:43)
		at java.base/java.lang.reflect.Method.invoke(Method.java:564)
		at org.apache.catalina.startup.Bootstrap.start(Bootstrap.java:342)
		at org.apache.catalina.startup.Bootstrap.main(Bootstrap.java:473)
01-Mar-2021 18:11:10.380 INFO [main] org.apache.catalina.core.ApplicationContext.log Marking servlet [CFMLServlet] as unavailable
01-Mar-2021 18:11:10.380 SEVERE [main] org.apache.catalina.core.StandardContext.loadOnStartup Servlet [CFMLServlet] in web application [] threw load() exception
	java.lang.ClassNotFoundException: javax.servlet.http.HttpServlet
		at java.base/java.net.URLClassLoader.findClass(URLClassLoader.java:435)
		at java.base/java.lang.ClassLoader.loadClass(ClassLoader.java:589)
		at java.base/java.lang.ClassLoader.loadClass(ClassLoader.java:522)
		at java.base/java.lang.ClassLoader.defineClass1(Native Method)
		at java.base/java.lang.ClassLoader.defineClass(ClassLoader.java:1017)
		at java.base/java.security.SecureClassLoader.defineClass(SecureClassLoader.java:151)
		at java.base/java.net.URLClassLoader.defineClass(URLClassLoader.java:514)
		at java.base/java.net.URLClassLoader$1.run(URLClassLoader.java:422)
		at java.base/java.net.URLClassLoader$1.run(URLClassLoader.java:416)
		at java.base/java.security.AccessController.doPrivileged(AccessController.java:691)
		at java.base/java.net.URLClassLoader.findClass(URLClassLoader.java:415)
		at java.base/java.lang.ClassLoader.loadClass(ClassLoader.java:589)
		at java.base/java.lang.ClassLoader.loadClass(ClassLoader.java:522)
		at java.base/java.lang.ClassLoader.defineClass1(Native Method)
		at java.base/java.lang.ClassLoader.defineClass(ClassLoader.java:1017)
		at java.base/java.security.SecureClassLoader.defineClass(SecureClassLoader.java:151)
		at java.base/java.net.URLClassLoader.defineClass(URLClassLoader.java:514)
		at java.base/java.net.URLClassLoader$1.run(URLClassLoader.java:422)
		at java.base/java.net.URLClassLoader$1.run(URLClassLoader.java:416)
		at java.base/java.security.AccessController.doPrivileged(AccessController.java:691)
		at java.base/java.net.URLClassLoader.findClass(URLClassLoader.java:415)
		at java.base/java.lang.ClassLoader.loadClass(ClassLoader.java:589)
		at java.base/java.lang.ClassLoader.loadClass(ClassLoader.java:522)
		at java.base/java.lang.Class.forName0(Native Method)
		at java.base/java.lang.Class.forName(Class.java:427)
		at org.apache.catalina.loader.WebappClassLoaderBase.loadClass(WebappClassLoaderBase.java:1350)
		at org.apache.catalina.loader.WebappClassLoaderBase.loadClass(WebappClassLoaderBase.java:1187)
		at org.apache.catalina.core.DefaultInstanceManager.loadClass(DefaultInstanceManager.java:540)
		at org.apache.catalina.core.DefaultInstanceManager.loadClassMaybePrivileged(DefaultInstanceManager.java:521)
		at org.apache.catalina.core.DefaultInstanceManager.newInstance(DefaultInstanceManager.java:151)
		at org.apache.catalina.core.StandardWrapper.loadServlet(StandardWrapper.java:1043)
		at org.apache.catalina.core.StandardWrapper.load(StandardWrapper.java:984)
		at org.apache.catalina.core.StandardContext.loadOnStartup(StandardContext.java:4851)
		at org.apache.catalina.core.StandardContext.startInternal(StandardContext.java:5160)
		at org.apache.catalina.util.LifecycleBase.start(LifecycleBase.java:183)
		at org.apache.catalina.core.ContainerBase.addChildInternal(ContainerBase.java:717)
		at org.apache.catalina.core.ContainerBase.addChild(ContainerBase.java:690)
		at org.apache.catalina.core.StandardHost.addChild(StandardHost.java:706)
		at org.apache.catalina.startup.HostConfig.deployDirectory(HostConfig.java:1093)
		at org.apache.catalina.startup.HostConfig$DeployDirectory.run(HostConfig.java:1810)
		at java.base/java.util.concurrent.Executors$RunnableAdapter.call(Executors.java:515)
		at java.base/java.util.concurrent.FutureTask.run(FutureTask.java:264)
		at org.apache.tomcat.util.threads.InlineExecutorService.execute(InlineExecutorService.java:75)
		at java.base/java.util.concurrent.AbstractExecutorService.submit(AbstractExecutorService.java:118)
		at org.apache.catalina.startup.HostConfig.deployDirectories(HostConfig.java:1013)
		at org.apache.catalina.startup.HostConfig.deployApps(HostConfig.java:428)
		at org.apache.catalina.startup.HostConfig.start(HostConfig.java:1520)
		at org.apache.catalina.startup.HostConfig.lifecycleEvent(HostConfig.java:309)
		at org.apache.catalina.util.LifecycleBase.fireLifecycleEvent(LifecycleBase.java:123)
		at org.apache.catalina.util.LifecycleBase.setStateInternal(LifecycleBase.java:423)
		at org.apache.catalina.util.LifecycleBase.setState(LifecycleBase.java:366)
		at org.apache.catalina.core.ContainerBase.startInternal(ContainerBase.java:936)
		at org.apache.catalina.core.StandardHost.startInternal(StandardHost.java:843)
		at org.apache.catalina.util.LifecycleBase.start(LifecycleBase.java:183)
		at org.apache.catalina.core.ContainerBase$StartChild.call(ContainerBase.java:1384)
		at org.apache.catalina.core.ContainerBase$StartChild.call(ContainerBase.java:1374)
		at java.base/java.util.concurrent.FutureTask.run(FutureTask.java:264)
		at org.apache.tomcat.util.threads.InlineExecutorService.execute(InlineExecutorService.java:75)
		at java.base/java.util.concurrent.AbstractExecutorService.submit(AbstractExecutorService.java:140)
		at org.apache.catalina.core.ContainerBase.startInternal(ContainerBase.java:909)
		at org.apache.catalina.core.StandardEngine.startInternal(StandardEngine.java:262)
		at org.apache.catalina.util.LifecycleBase.start(LifecycleBase.java:183)
		at org.apache.catalina.core.StandardService.startInternal(StandardService.java:434)
		at org.apache.catalina.util.LifecycleBase.start(LifecycleBase.java:183)
		at org.apache.catalina.core.StandardServer.startInternal(StandardServer.java:930)
		at org.apache.catalina.util.LifecycleBase.start(LifecycleBase.java:183)
		at org.apache.catalina.startup.Catalina.start(Catalina.java:795)
		at java.base/jdk.internal.reflect.NativeMethodAccessorImpl.invoke0(Native Method)
		at java.base/jdk.internal.reflect.NativeMethodAccessorImpl.invoke(NativeMethodAccessorImpl.java:62)
		at java.base/jdk.internal.reflect.DelegatingMethodAccessorImpl.invoke(DelegatingMethodAccessorImpl.java:43)
		at java.base/java.lang.reflect.Method.invoke(Method.java:564)
		at org.apache.catalina.startup.Bootstrap.start(Bootstrap.java:342)
		at org.apache.catalina.startup.Bootstrap.main(Bootstrap.java:473)
01-Mar-2021 18:11:10.382 INFO [main] org.apache.catalina.core.ApplicationContext.log Marking servlet [RESTServlet] as unavailable
01-Mar-2021 18:11:10.382 SEVERE [main] org.apache.catalina.core.StandardContext.loadOnStartup Servlet [RESTServlet] in web application [] threw load() exception
	java.lang.ClassNotFoundException: javax.servlet.http.HttpServlet
		at java.base/java.net.URLClassLoader.findClass(URLClassLoader.java:435)
		at java.base/java.lang.ClassLoader.loadClass(ClassLoader.java:589)
		at java.base/java.lang.ClassLoader.loadClass(ClassLoader.java:522)
		at java.base/java.lang.ClassLoader.defineClass1(Native Method)
		at java.base/java.lang.ClassLoader.defineClass(ClassLoader.java:1017)
		at java.base/java.security.SecureClassLoader.defineClass(SecureClassLoader.java:151)
		at java.base/java.net.URLClassLoader.defineClass(URLClassLoader.java:514)
		at java.base/java.net.URLClassLoader$1.run(URLClassLoader.java:422)
		at java.base/java.net.URLClassLoader$1.run(URLClassLoader.java:416)
		at java.base/java.security.AccessController.doPrivileged(AccessController.java:691)
		at java.base/java.net.URLClassLoader.findClass(URLClassLoader.java:415)
		at java.base/java.lang.ClassLoader.loadClass(ClassLoader.java:589)
		at java.base/java.lang.ClassLoader.loadClass(ClassLoader.java:522)
		at java.base/java.lang.ClassLoader.defineClass1(Native Method)
		at java.base/java.lang.ClassLoader.defineClass(ClassLoader.java:1017)
		at java.base/java.security.SecureClassLoader.defineClass(SecureClassLoader.java:151)
		at java.base/java.net.URLClassLoader.defineClass(URLClassLoader.java:514)
		at java.base/java.net.URLClassLoader$1.run(URLClassLoader.java:422)
		at java.base/java.net.URLClassLoader$1.run(URLClassLoader.java:416)
		at java.base/java.security.AccessController.doPrivileged(AccessController.java:691)
		at java.base/java.net.URLClassLoader.findClass(URLClassLoader.java:415)
		at java.base/java.lang.ClassLoader.loadClass(ClassLoader.java:589)
		at java.base/java.lang.ClassLoader.loadClass(ClassLoader.java:522)
		at java.base/java.lang.Class.forName0(Native Method)
		at java.base/java.lang.Class.forName(Class.java:427)
		at org.apache.catalina.loader.WebappClassLoaderBase.loadClass(WebappClassLoaderBase.java:1350)
		at org.apache.catalina.loader.WebappClassLoaderBase.loadClass(WebappClassLoaderBase.java:1187)
		at org.apache.catalina.core.DefaultInstanceManager.loadClass(DefaultInstanceManager.java:540)
		at org.apache.catalina.core.DefaultInstanceManager.loadClassMaybePrivileged(DefaultInstanceManager.java:521)
		at org.apache.catalina.core.DefaultInstanceManager.newInstance(DefaultInstanceManager.java:151)
		at org.apache.catalina.core.StandardWrapper.loadServlet(StandardWrapper.java:1043)
		at org.apache.catalina.core.StandardWrapper.load(StandardWrapper.java:984)
		at org.apache.catalina.core.StandardContext.loadOnStartup(StandardContext.java:4851)
		at org.apache.catalina.core.StandardContext.startInternal(StandardContext.java:5160)
		at org.apache.catalina.util.LifecycleBase.start(LifecycleBase.java:183)
		at org.apache.catalina.core.ContainerBase.addChildInternal(ContainerBase.java:717)
		at org.apache.catalina.core.ContainerBase.addChild(ContainerBase.java:690)
		at org.apache.catalina.core.StandardHost.addChild(StandardHost.java:706)
		at org.apache.catalina.startup.HostConfig.deployDirectory(HostConfig.java:1093)
		at org.apache.catalina.startup.HostConfig$DeployDirectory.run(HostConfig.java:1810)
		at java.base/java.util.concurrent.Executors$RunnableAdapter.call(Executors.java:515)
		at java.base/java.util.concurrent.FutureTask.run(FutureTask.java:264)
		at org.apache.tomcat.util.threads.InlineExecutorService.execute(InlineExecutorService.java:75)
		at java.base/java.util.concurrent.AbstractExecutorService.submit(AbstractExecutorService.java:118)
		at org.apache.catalina.startup.HostConfig.deployDirectories(HostConfig.java:1013)
		at org.apache.catalina.startup.HostConfig.deployApps(HostConfig.java:428)
		at org.apache.catalina.startup.HostConfig.start(HostConfig.java:1520)
		at org.apache.catalina.startup.HostConfig.lifecycleEvent(HostConfig.java:309)
		at org.apache.catalina.util.LifecycleBase.fireLifecycleEvent(LifecycleBase.java:123)
		at org.apache.catalina.util.LifecycleBase.setStateInternal(LifecycleBase.java:423)
		at org.apache.catalina.util.LifecycleBase.setState(LifecycleBase.java:366)
		at org.apache.catalina.core.ContainerBase.startInternal(ContainerBase.java:936)
		at org.apache.catalina.core.StandardHost.startInternal(StandardHost.java:843)
		at org.apache.catalina.util.LifecycleBase.start(LifecycleBase.java:183)
		at org.apache.catalina.core.ContainerBase$StartChild.call(ContainerBase.java:1384)
		at org.apache.catalina.core.ContainerBase$StartChild.call(ContainerBase.java:1374)
		at java.base/java.util.concurrent.FutureTask.run(FutureTask.java:264)
		at org.apache.tomcat.util.threads.InlineExecutorService.execute(InlineExecutorService.java:75)
		at java.base/java.util.concurrent.AbstractExecutorService.submit(AbstractExecutorService.java:140)
		at org.apache.catalina.core.ContainerBase.startInternal(ContainerBase.java:909)
		at org.apache.catalina.core.StandardEngine.startInternal(StandardEngine.java:262)
		at org.apache.catalina.util.LifecycleBase.start(LifecycleBase.java:183)
		at org.apache.catalina.core.StandardService.startInternal(StandardService.java:434)
		at org.apache.catalina.util.LifecycleBase.start(LifecycleBase.java:183)
		at org.apache.catalina.core.StandardServer.startInternal(StandardServer.java:930)
		at org.apache.catalina.util.LifecycleBase.start(LifecycleBase.java:183)
		at org.apache.catalina.startup.Catalina.start(Catalina.java:795)
		at java.base/jdk.internal.reflect.NativeMethodAccessorImpl.invoke0(Native Method)
		at java.base/jdk.internal.reflect.NativeMethodAccessorImpl.invoke(NativeMethodAccessorImpl.java:62)
		at java.base/jdk.internal.reflect.DelegatingMethodAccessorImpl.invoke(DelegatingMethodAccessorImpl.java:43)
		at java.base/java.lang.reflect.Method.invoke(Method.java:564)
		at org.apache.catalina.startup.Bootstrap.start(Bootstrap.java:342)
		at org.apache.catalina.startup.Bootstrap.main(Bootstrap.java:473)
01-Mar-2021 18:39:40.583 INFO [main] org.apache.catalina.core.ApplicationContext.log Marking servlet [CFMLServlet] as unavailable
01-Mar-2021 18:39:40.583 SEVERE [main] org.apache.catalina.core.StandardContext.loadOnStartup Servlet [CFMLServlet] in web application [] threw load() exception
	java.lang.ClassNotFoundException: javax.servlet.http.HttpServlet
		at java.base/java.net.URLClassLoader.findClass(URLClassLoader.java:435)
		at java.base/java.lang.ClassLoader.loadClass(ClassLoader.java:589)
		at java.base/java.lang.ClassLoader.loadClass(ClassLoader.java:522)
		at java.base/java.lang.ClassLoader.defineClass1(Native Method)
		at java.base/java.lang.ClassLoader.defineClass(ClassLoader.java:1017)
		at java.base/java.security.SecureClassLoader.defineClass(SecureClassLoader.java:151)
		at java.base/java.net.URLClassLoader.defineClass(URLClassLoader.java:514)
		at java.base/java.net.URLClassLoader$1.run(URLClassLoader.java:422)
		at java.base/java.net.URLClassLoader$1.run(URLClassLoader.java:416)
		at java.base/java.security.AccessController.doPrivileged(AccessController.java:691)
		at java.base/java.net.URLClassLoader.findClass(URLClassLoader.java:415)
		at java.base/java.lang.ClassLoader.loadClass(ClassLoader.java:589)
		at java.base/java.lang.ClassLoader.loadClass(ClassLoader.java:522)
		at java.base/java.lang.ClassLoader.defineClass1(Native Method)
		at java.base/java.lang.ClassLoader.defineClass(ClassLoader.java:1017)
		at java.base/java.security.SecureClassLoader.defineClass(SecureClassLoader.java:151)
		at java.base/java.net.URLClassLoader.defineClass(URLClassLoader.java:514)
		at java.base/java.net.URLClassLoader$1.run(URLClassLoader.java:422)
		at java.base/java.net.URLClassLoader$1.run(URLClassLoader.java:416)
		at java.base/java.security.AccessController.doPrivileged(AccessController.java:691)
		at java.base/java.net.URLClassLoader.findClass(URLClassLoader.java:415)
		at java.base/java.lang.ClassLoader.loadClass(ClassLoader.java:589)
		at java.base/java.lang.ClassLoader.loadClass(ClassLoader.java:522)
		at java.base/java.lang.Class.forName0(Native Method)
		at java.base/java.lang.Class.forName(Class.java:427)
		at org.apache.catalina.loader.WebappClassLoaderBase.loadClass(WebappClassLoaderBase.java:1350)
		at org.apache.catalina.loader.WebappClassLoaderBase.loadClass(WebappClassLoaderBase.java:1187)
		at org.apache.catalina.core.DefaultInstanceManager.loadClass(DefaultInstanceManager.java:540)
		at org.apache.catalina.core.DefaultInstanceManager.loadClassMaybePrivileged(DefaultInstanceManager.java:521)
		at org.apache.catalina.core.DefaultInstanceManager.newInstance(DefaultInstanceManager.java:151)
		at org.apache.catalina.core.StandardWrapper.loadServlet(StandardWrapper.java:1043)
		at org.apache.catalina.core.StandardWrapper.load(StandardWrapper.java:984)
		at org.apache.catalina.core.StandardContext.loadOnStartup(StandardContext.java:4851)
		at org.apache.catalina.core.StandardContext.startInternal(StandardContext.java:5160)
		at org.apache.catalina.util.LifecycleBase.start(LifecycleBase.java:183)
		at org.apache.catalina.core.ContainerBase.addChildInternal(ContainerBase.java:717)
		at org.apache.catalina.core.ContainerBase.addChild(ContainerBase.java:690)
		at org.apache.catalina.core.StandardHost.addChild(StandardHost.java:706)
		at org.apache.catalina.startup.HostConfig.deployDirectory(HostConfig.java:1093)
		at org.apache.catalina.startup.HostConfig$DeployDirectory.run(HostConfig.java:1810)
		at java.base/java.util.concurrent.Executors$RunnableAdapter.call(Executors.java:515)
		at java.base/java.util.concurrent.FutureTask.run(FutureTask.java:264)
		at org.apache.tomcat.util.threads.InlineExecutorService.execute(InlineExecutorService.java:75)
		at java.base/java.util.concurrent.AbstractExecutorService.submit(AbstractExecutorService.java:118)
		at org.apache.catalina.startup.HostConfig.deployDirectories(HostConfig.java:1013)
		at org.apache.catalina.startup.HostConfig.deployApps(HostConfig.java:428)
		at org.apache.catalina.startup.HostConfig.start(HostConfig.java:1520)
		at org.apache.catalina.startup.HostConfig.lifecycleEvent(HostConfig.java:309)
		at org.apache.catalina.util.LifecycleBase.fireLifecycleEvent(LifecycleBase.java:123)
		at org.apache.catalina.util.LifecycleBase.setStateInternal(LifecycleBase.java:423)
		at org.apache.catalina.util.LifecycleBase.setState(LifecycleBase.java:366)
		at org.apache.catalina.core.ContainerBase.startInternal(ContainerBase.java:936)
		at org.apache.catalina.core.StandardHost.startInternal(StandardHost.java:843)
		at org.apache.catalina.util.LifecycleBase.start(LifecycleBase.java:183)
		at org.apache.catalina.core.ContainerBase$StartChild.call(ContainerBase.java:1384)
		at org.apache.catalina.core.ContainerBase$StartChild.call(ContainerBase.java:1374)
		at java.base/java.util.concurrent.FutureTask.run(FutureTask.java:264)
		at org.apache.tomcat.util.threads.InlineExecutorService.execute(InlineExecutorService.java:75)
		at java.base/java.util.concurrent.AbstractExecutorService.submit(AbstractExecutorService.java:140)
		at org.apache.catalina.core.ContainerBase.startInternal(ContainerBase.java:909)
		at org.apache.catalina.core.StandardEngine.startInternal(StandardEngine.java:262)
		at org.apache.catalina.util.LifecycleBase.start(LifecycleBase.java:183)
		at org.apache.catalina.core.StandardService.startInternal(StandardService.java:434)
		at org.apache.catalina.util.LifecycleBase.start(LifecycleBase.java:183)
		at org.apache.catalina.core.StandardServer.startInternal(StandardServer.java:930)
		at org.apache.catalina.util.LifecycleBase.start(LifecycleBase.java:183)
		at org.apache.catalina.startup.Catalina.start(Catalina.java:795)
		at java.base/jdk.internal.reflect.NativeMethodAccessorImpl.invoke0(Native Method)
		at java.base/jdk.internal.reflect.NativeMethodAccessorImpl.invoke(NativeMethodAccessorImpl.java:62)
		at java.base/jdk.internal.reflect.DelegatingMethodAccessorImpl.invoke(DelegatingMethodAccessorImpl.java:43)
		at java.base/java.lang.reflect.Method.invoke(Method.java:564)
		at org.apache.catalina.startup.Bootstrap.start(Bootstrap.java:342)
		at org.apache.catalina.startup.Bootstrap.main(Bootstrap.java:473)
01-Mar-2021 18:39:40.585 INFO [main] org.apache.catalina.core.ApplicationContext.log Marking servlet [RESTServlet] as unavailable
01-Mar-2021 18:39:40.585 SEVERE [main] org.apache.catalina.core.StandardContext.loadOnStartup Servlet [RESTServlet] in web application [] threw load() exception
	java.lang.ClassNotFoundException: javax.servlet.http.HttpServlet
		at java.base/java.net.URLClassLoader.findClass(URLClassLoader.java:435)
		at java.base/java.lang.ClassLoader.loadClass(ClassLoader.java:589)
		at java.base/java.lang.ClassLoader.loadClass(ClassLoader.java:522)
		at java.base/java.lang.ClassLoader.defineClass1(Native Method)
		at java.base/java.lang.ClassLoader.defineClass(ClassLoader.java:1017)
		at java.base/java.security.SecureClassLoader.defineClass(SecureClassLoader.java:151)
		at java.base/java.net.URLClassLoader.defineClass(URLClassLoader.java:514)
		at java.base/java.net.URLClassLoader$1.run(URLClassLoader.java:422)
		at java.base/java.net.URLClassLoader$1.run(URLClassLoader.java:416)
		at java.base/java.security.AccessController.doPrivileged(AccessController.java:691)
		at java.base/java.net.URLClassLoader.findClass(URLClassLoader.java:415)
		at java.base/java.lang.ClassLoader.loadClass(ClassLoader.java:589)
		at java.base/java.lang.ClassLoader.loadClass(ClassLoader.java:522)
		at java.base/java.lang.ClassLoader.defineClass1(Native Method)
		at java.base/java.lang.ClassLoader.defineClass(ClassLoader.java:1017)
		at java.base/java.security.SecureClassLoader.defineClass(SecureClassLoader.java:151)
		at java.base/java.net.URLClassLoader.defineClass(URLClassLoader.java:514)
		at java.base/java.net.URLClassLoader$1.run(URLClassLoader.java:422)
		at java.base/java.net.URLClassLoader$1.run(URLClassLoader.java:416)
		at java.base/java.security.AccessController.doPrivileged(AccessController.java:691)
		at java.base/java.net.URLClassLoader.findClass(URLClassLoader.java:415)
		at java.base/java.lang.ClassLoader.loadClass(ClassLoader.java:589)
		at java.base/java.lang.ClassLoader.loadClass(ClassLoader.java:522)
		at java.base/java.lang.Class.forName0(Native Method)
		at java.base/java.lang.Class.forName(Class.java:427)
		at org.apache.catalina.loader.WebappClassLoaderBase.loadClass(WebappClassLoaderBase.java:1350)
		at org.apache.catalina.loader.WebappClassLoaderBase.loadClass(WebappClassLoaderBase.java:1187)
		at org.apache.catalina.core.DefaultInstanceManager.loadClass(DefaultInstanceManager.java:540)
		at org.apache.catalina.core.DefaultInstanceManager.loadClassMaybePrivileged(DefaultInstanceManager.java:521)
		at org.apache.catalina.core.DefaultInstanceManager.newInstance(DefaultInstanceManager.java:151)
		at org.apache.catalina.core.StandardWrapper.loadServlet(StandardWrapper.java:1043)
		at org.apache.catalina.core.StandardWrapper.load(StandardWrapper.java:984)
		at org.apache.catalina.core.StandardContext.loadOnStartup(StandardContext.java:4851)
		at org.apache.catalina.core.StandardContext.startInternal(StandardContext.java:5160)
		at org.apache.catalina.util.LifecycleBase.start(LifecycleBase.java:183)
		at org.apache.catalina.core.ContainerBase.addChildInternal(ContainerBase.java:717)
		at org.apache.catalina.core.ContainerBase.addChild(ContainerBase.java:690)
		at org.apache.catalina.core.StandardHost.addChild(StandardHost.java:706)
		at org.apache.catalina.startup.HostConfig.deployDirectory(HostConfig.java:1093)
		at org.apache.catalina.startup.HostConfig$DeployDirectory.run(HostConfig.java:1810)
		at java.base/java.util.concurrent.Executors$RunnableAdapter.call(Executors.java:515)
		at java.base/java.util.concurrent.FutureTask.run(FutureTask.java:264)
		at org.apache.tomcat.util.threads.InlineExecutorService.execute(InlineExecutorService.java:75)
		at java.base/java.util.concurrent.AbstractExecutorService.submit(AbstractExecutorService.java:118)
		at org.apache.catalina.startup.HostConfig.deployDirectories(HostConfig.java:1013)
		at org.apache.catalina.startup.HostConfig.deployApps(HostConfig.java:428)
		at org.apache.catalina.startup.HostConfig.start(HostConfig.java:1520)
		at org.apache.catalina.startup.HostConfig.lifecycleEvent(HostConfig.java:309)
		at org.apache.catalina.util.LifecycleBase.fireLifecycleEvent(LifecycleBase.java:123)
		at org.apache.catalina.util.LifecycleBase.setStateInternal(LifecycleBase.java:423)
		at org.apache.catalina.util.LifecycleBase.setState(LifecycleBase.java:366)
		at org.apache.catalina.core.ContainerBase.startInternal(ContainerBase.java:936)
		at org.apache.catalina.core.StandardHost.startInternal(StandardHost.java:843)
		at org.apache.catalina.util.LifecycleBase.start(LifecycleBase.java:183)
		at org.apache.catalina.core.ContainerBase$StartChild.call(ContainerBase.java:1384)
		at org.apache.catalina.core.ContainerBase$StartChild.call(ContainerBase.java:1374)
		at java.base/java.util.concurrent.FutureTask.run(FutureTask.java:264)
		at org.apache.tomcat.util.threads.InlineExecutorService.execute(InlineExecutorService.java:75)
		at java.base/java.util.concurrent.AbstractExecutorService.submit(AbstractExecutorService.java:140)
		at org.apache.catalina.core.ContainerBase.startInternal(ContainerBase.java:909)
		at org.apache.catalina.core.StandardEngine.startInternal(StandardEngine.java:262)
		at org.apache.catalina.util.LifecycleBase.start(LifecycleBase.java:183)
		at org.apache.catalina.core.StandardService.startInternal(StandardService.java:434)
		at org.apache.catalina.util.LifecycleBase.start(LifecycleBase.java:183)
		at org.apache.catalina.core.StandardServer.startInternal(StandardServer.java:930)
		at org.apache.catalina.util.LifecycleBase.start(LifecycleBase.java:183)
		at org.apache.catalina.startup.Catalina.start(Catalina.java:795)
		at java.base/jdk.internal.reflect.NativeMethodAccessorImpl.invoke0(Native Method)
		at java.base/jdk.internal.reflect.NativeMethodAccessorImpl.invoke(NativeMethodAccessorImpl.java:62)
		at java.base/jdk.internal.reflect.DelegatingMethodAccessorImpl.invoke(DelegatingMethodAccessorImpl.java:43)
		at java.base/java.lang.reflect.Method.invoke(Method.java:564)
		at org.apache.catalina.startup.Bootstrap.start(Bootstrap.java:342)
		at org.apache.catalina.startup.Bootstrap.main(Bootstrap.java:473)
01-Mar-2021 18:52:05.143 INFO [main] org.apache.catalina.core.ApplicationContext.log Marking servlet [CFMLServlet] as unavailable
01-Mar-2021 18:52:05.143 SEVERE [main] org.apache.catalina.core.StandardContext.loadOnStartup Servlet [CFMLServlet] in web application [] threw load() exception
	java.lang.ClassNotFoundException: javax.servlet.http.HttpServlet
		at java.base/java.net.URLClassLoader.findClass(URLClassLoader.java:435)
		at java.base/java.lang.ClassLoader.loadClass(ClassLoader.java:589)
		at java.base/java.lang.ClassLoader.loadClass(ClassLoader.java:522)
		at java.base/java.lang.ClassLoader.defineClass1(Native Method)
		at java.base/java.lang.ClassLoader.defineClass(ClassLoader.java:1017)
		at java.base/java.security.SecureClassLoader.defineClass(SecureClassLoader.java:151)
		at java.base/java.net.URLClassLoader.defineClass(URLClassLoader.java:514)
		at java.base/java.net.URLClassLoader$1.run(URLClassLoader.java:422)
		at java.base/java.net.URLClassLoader$1.run(URLClassLoader.java:416)
		at java.base/java.security.AccessController.doPrivileged(AccessController.java:691)
		at java.base/java.net.URLClassLoader.findClass(URLClassLoader.java:415)
		at java.base/java.lang.ClassLoader.loadClass(ClassLoader.java:589)
		at java.base/java.lang.ClassLoader.loadClass(ClassLoader.java:522)
		at java.base/java.lang.ClassLoader.defineClass1(Native Method)
		at java.base/java.lang.ClassLoader.defineClass(ClassLoader.java:1017)
		at java.base/java.security.SecureClassLoader.defineClass(SecureClassLoader.java:151)
		at java.base/java.net.URLClassLoader.defineClass(URLClassLoader.java:514)
		at java.base/java.net.URLClassLoader$1.run(URLClassLoader.java:422)
		at java.base/java.net.URLClassLoader$1.run(URLClassLoader.java:416)
		at java.base/java.security.AccessController.doPrivileged(AccessController.java:691)
		at java.base/java.net.URLClassLoader.findClass(URLClassLoader.java:415)
		at java.base/java.lang.ClassLoader.loadClass(ClassLoader.java:589)
		at java.base/java.lang.ClassLoader.loadClass(ClassLoader.java:522)
		at java.base/java.lang.Class.forName0(Native Method)
		at java.base/java.lang.Class.forName(Class.java:427)
		at org.apache.catalina.loader.WebappClassLoaderBase.loadClass(WebappClassLoaderBase.java:1350)
		at org.apache.catalina.loader.WebappClassLoaderBase.loadClass(WebappClassLoaderBase.java:1187)
		at org.apache.catalina.core.DefaultInstanceManager.loadClass(DefaultInstanceManager.java:540)
		at org.apache.catalina.core.DefaultInstanceManager.loadClassMaybePrivileged(DefaultInstanceManager.java:521)
		at org.apache.catalina.core.DefaultInstanceManager.newInstance(DefaultInstanceManager.java:151)
		at org.apache.catalina.core.StandardWrapper.loadServlet(StandardWrapper.java:1043)
		at org.apache.catalina.core.StandardWrapper.load(StandardWrapper.java:984)
		at org.apache.catalina.core.StandardContext.loadOnStartup(StandardContext.java:4851)
		at org.apache.catalina.core.StandardContext.startInternal(StandardContext.java:5160)
		at org.apache.catalina.util.LifecycleBase.start(LifecycleBase.java:183)
		at org.apache.catalina.core.ContainerBase.addChildInternal(ContainerBase.java:717)
		at org.apache.catalina.core.ContainerBase.addChild(ContainerBase.java:690)
		at org.apache.catalina.core.StandardHost.addChild(StandardHost.java:706)
		at org.apache.catalina.startup.HostConfig.deployDirectory(HostConfig.java:1093)
		at org.apache.catalina.startup.HostConfig$DeployDirectory.run(HostConfig.java:1810)
		at java.base/java.util.concurrent.Executors$RunnableAdapter.call(Executors.java:515)
		at java.base/java.util.concurrent.FutureTask.run(FutureTask.java:264)
		at org.apache.tomcat.util.threads.InlineExecutorService.execute(InlineExecutorService.java:75)
		at java.base/java.util.concurrent.AbstractExecutorService.submit(AbstractExecutorService.java:118)
		at org.apache.catalina.startup.HostConfig.deployDirectories(HostConfig.java:1013)
		at org.apache.catalina.startup.HostConfig.deployApps(HostConfig.java:428)
		at org.apache.catalina.startup.HostConfig.start(HostConfig.java:1520)
		at org.apache.catalina.startup.HostConfig.lifecycleEvent(HostConfig.java:309)
		at org.apache.catalina.util.LifecycleBase.fireLifecycleEvent(LifecycleBase.java:123)
		at org.apache.catalina.util.LifecycleBase.setStateInternal(LifecycleBase.java:423)
		at org.apache.catalina.util.LifecycleBase.setState(LifecycleBase.java:366)
		at org.apache.catalina.core.ContainerBase.startInternal(ContainerBase.java:936)
		at org.apache.catalina.core.StandardHost.startInternal(StandardHost.java:843)
		at org.apache.catalina.util.LifecycleBase.start(LifecycleBase.java:183)
		at org.apache.catalina.core.ContainerBase$StartChild.call(ContainerBase.java:1384)
		at org.apache.catalina.core.ContainerBase$StartChild.call(ContainerBase.java:1374)
		at java.base/java.util.concurrent.FutureTask.run(FutureTask.java:264)
		at org.apache.tomcat.util.threads.InlineExecutorService.execute(InlineExecutorService.java:75)
		at java.base/java.util.concurrent.AbstractExecutorService.submit(AbstractExecutorService.java:140)
		at org.apache.catalina.core.ContainerBase.startInternal(ContainerBase.java:909)
		at org.apache.catalina.core.StandardEngine.startInternal(StandardEngine.java:262)
		at org.apache.catalina.util.LifecycleBase.start(LifecycleBase.java:183)
		at org.apache.catalina.core.StandardService.startInternal(StandardService.java:434)
		at org.apache.catalina.util.LifecycleBase.start(LifecycleBase.java:183)
		at org.apache.catalina.core.StandardServer.startInternal(StandardServer.java:930)
		at org.apache.catalina.util.LifecycleBase.start(LifecycleBase.java:183)
		at org.apache.catalina.startup.Catalina.start(Catalina.java:795)
		at java.base/jdk.internal.reflect.NativeMethodAccessorImpl.invoke0(Native Method)
		at java.base/jdk.internal.reflect.NativeMethodAccessorImpl.invoke(NativeMethodAccessorImpl.java:62)
		at java.base/jdk.internal.reflect.DelegatingMethodAccessorImpl.invoke(DelegatingMethodAccessorImpl.java:43)
		at java.base/java.lang.reflect.Method.invoke(Method.java:564)
		at org.apache.catalina.startup.Bootstrap.start(Bootstrap.java:342)
		at org.apache.catalina.startup.Bootstrap.main(Bootstrap.java:473)
01-Mar-2021 18:52:05.146 INFO [main] org.apache.catalina.core.ApplicationContext.log Marking servlet [RESTServlet] as unavailable
01-Mar-2021 18:52:05.146 SEVERE [main] org.apache.catalina.core.StandardContext.loadOnStartup Servlet [RESTServlet] in web application [] threw load() exception
	java.lang.ClassNotFoundException: javax.servlet.http.HttpServlet
		at java.base/java.net.URLClassLoader.findClass(URLClassLoader.java:435)
		at java.base/java.lang.ClassLoader.loadClass(ClassLoader.java:589)
		at java.base/java.lang.ClassLoader.loadClass(ClassLoader.java:522)
		at java.base/java.lang.ClassLoader.defineClass1(Native Method)
		at java.base/java.lang.ClassLoader.defineClass(ClassLoader.java:1017)
		at java.base/java.security.SecureClassLoader.defineClass(SecureClassLoader.java:151)
		at java.base/java.net.URLClassLoader.defineClass(URLClassLoader.java:514)
		at java.base/java.net.URLClassLoader$1.run(URLClassLoader.java:422)
		at java.base/java.net.URLClassLoader$1.run(URLClassLoader.java:416)
		at java.base/java.security.AccessController.doPrivileged(AccessController.java:691)
		at java.base/java.net.URLClassLoader.findClass(URLClassLoader.java:415)
		at java.base/java.lang.ClassLoader.loadClass(ClassLoader.java:589)
		at java.base/java.lang.ClassLoader.loadClass(ClassLoader.java:522)
		at java.base/java.lang.ClassLoader.defineClass1(Native Method)
		at java.base/java.lang.ClassLoader.defineClass(ClassLoader.java:1017)
		at java.base/java.security.SecureClassLoader.defineClass(SecureClassLoader.java:151)
		at java.base/java.net.URLClassLoader.defineClass(URLClassLoader.java:514)
		at java.base/java.net.URLClassLoader$1.run(URLClassLoader.java:422)
		at java.base/java.net.URLClassLoader$1.run(URLClassLoader.java:416)
		at java.base/java.security.AccessController.doPrivileged(AccessController.java:691)
		at java.base/java.net.URLClassLoader.findClass(URLClassLoader.java:415)
		at java.base/java.lang.ClassLoader.loadClass(ClassLoader.java:589)
		at java.base/java.lang.ClassLoader.loadClass(ClassLoader.java:522)
		at java.base/java.lang.Class.forName0(Native Method)
		at java.base/java.lang.Class.forName(Class.java:427)
		at org.apache.catalina.loader.WebappClassLoaderBase.loadClass(WebappClassLoaderBase.java:1350)
		at org.apache.catalina.loader.WebappClassLoaderBase.loadClass(WebappClassLoaderBase.java:1187)
		at org.apache.catalina.core.DefaultInstanceManager.loadClass(DefaultInstanceManager.java:540)
		at org.apache.catalina.core.DefaultInstanceManager.loadClassMaybePrivileged(DefaultInstanceManager.java:521)
		at org.apache.catalina.core.DefaultInstanceManager.newInstance(DefaultInstanceManager.java:151)
		at org.apache.catalina.core.StandardWrapper.loadServlet(StandardWrapper.java:1043)
		at org.apache.catalina.core.StandardWrapper.load(StandardWrapper.java:984)
		at org.apache.catalina.core.StandardContext.loadOnStartup(StandardContext.java:4851)
		at org.apache.catalina.core.StandardContext.startInternal(StandardContext.java:5160)
		at org.apache.catalina.util.LifecycleBase.start(LifecycleBase.java:183)
		at org.apache.catalina.core.ContainerBase.addChildInternal(ContainerBase.java:717)
		at org.apache.catalina.core.ContainerBase.addChild(ContainerBase.java:690)
		at org.apache.catalina.core.StandardHost.addChild(StandardHost.java:706)
		at org.apache.catalina.startup.HostConfig.deployDirectory(HostConfig.java:1093)
		at org.apache.catalina.startup.HostConfig$DeployDirectory.run(HostConfig.java:1810)
		at java.base/java.util.concurrent.Executors$RunnableAdapter.call(Executors.java:515)
		at java.base/java.util.concurrent.FutureTask.run(FutureTask.java:264)
		at org.apache.tomcat.util.threads.InlineExecutorService.execute(InlineExecutorService.java:75)
		at java.base/java.util.concurrent.AbstractExecutorService.submit(AbstractExecutorService.java:118)
		at org.apache.catalina.startup.HostConfig.deployDirectories(HostConfig.java:1013)
		at org.apache.catalina.startup.HostConfig.deployApps(HostConfig.java:428)
		at org.apache.catalina.startup.HostConfig.start(HostConfig.java:1520)
		at org.apache.catalina.startup.HostConfig.lifecycleEvent(HostConfig.java:309)
		at org.apache.catalina.util.LifecycleBase.fireLifecycleEvent(LifecycleBase.java:123)
		at org.apache.catalina.util.LifecycleBase.setStateInternal(LifecycleBase.java:423)
		at org.apache.catalina.util.LifecycleBase.setState(LifecycleBase.java:366)
		at org.apache.catalina.core.ContainerBase.startInternal(ContainerBase.java:936)
		at org.apache.catalina.core.StandardHost.startInternal(StandardHost.java:843)
		at org.apache.catalina.util.LifecycleBase.start(LifecycleBase.java:183)
		at org.apache.catalina.core.ContainerBase$StartChild.call(ContainerBase.java:1384)
		at org.apache.catalina.core.ContainerBase$StartChild.call(ContainerBase.java:1374)
		at java.base/java.util.concurrent.FutureTask.run(FutureTask.java:264)
		at org.apache.tomcat.util.threads.InlineExecutorService.execute(InlineExecutorService.java:75)
		at java.base/java.util.concurrent.AbstractExecutorService.submit(AbstractExecutorService.java:140)
		at org.apache.catalina.core.ContainerBase.startInternal(ContainerBase.java:909)
		at org.apache.catalina.core.StandardEngine.startInternal(StandardEngine.java:262)
		at org.apache.catalina.util.LifecycleBase.start(LifecycleBase.java:183)
		at org.apache.catalina.core.StandardService.startInternal(StandardService.java:434)
		at org.apache.catalina.util.LifecycleBase.start(LifecycleBase.java:183)
		at org.apache.catalina.core.StandardServer.startInternal(StandardServer.java:930)
		at org.apache.catalina.util.LifecycleBase.start(LifecycleBase.java:183)
		at org.apache.catalina.startup.Catalina.start(Catalina.java:795)
		at java.base/jdk.internal.reflect.NativeMethodAccessorImpl.invoke0(Native Method)
		at java.base/jdk.internal.reflect.NativeMethodAccessorImpl.invoke(NativeMethodAccessorImpl.java:62)
		at java.base/jdk.internal.reflect.DelegatingMethodAccessorImpl.invoke(DelegatingMethodAccessorImpl.java:43)
		at java.base/java.lang.reflect.Method.invoke(Method.java:564)
		at org.apache.catalina.startup.Bootstrap.start(Bootstrap.java:342)
		at org.apache.catalina.startup.Bootstrap.main(Bootstrap.java:473)
